<?xml version="1.0" encoding="UTF-8"?>
<!-- Generated by org.testng.reporters.JUnitXMLReporter -->
<testsuite hostname="Wens-MBP" name="HomeAwayInterViewTests" tests="3" failures="3" timestamp="3 Jun 2016 03:31:32 GMT" time="55.104" errors="0">
  <testcase name="testOrderSubmit" time="55.078" classname="qademo.testng.HomeAwayInterviewTest">
    <failure type="java.lang.AssertionError" message="TestCase Failed with exceptions :Timed out after 30 seconds waiting for visibility of element located by By.cssSelector: .wpsc_checkout_table select[title=billingcountry]
Build info: version: &amp;apos;2.53.0&amp;apos;, revision: &amp;apos;35ae25b&amp;apos;, time: &amp;apos;2016-03-15 16:57:40&amp;apos;
System info: host: &amp;apos;Wens-MBP&amp;apos;, ip: &amp;apos;192.168.1.73&amp;apos;, os.name: &amp;apos;Mac OS X&amp;apos;, os.arch: &amp;apos;x86_64&amp;apos;, os.version: &amp;apos;10.11.3&amp;apos;, java.version: &amp;apos;1.8.0_92&amp;apos;
Driver info: org.openqa.selenium.firefox.FirefoxDriver
Capabilities [{applicationCacheEnabled=true, rotatable=false, handlesAlerts=true, databaseEnabled=true, version=46.0.1, platform=MAC, nativeEvents=false, acceptSslCerts=true, webStorageEnabled=true, locationContextEnabled=true, browserName=firefox, takesScreenshot=true, javascriptEnabled=true, cssSelectorsEnabled=true}]
Session ID: 9331ca30-7378-1c4c-aa5c-acfcf3b09023 expected [false] but found [true]">
      <![CDATA[java.lang.AssertionError: TestCase Failed with exceptions :Timed out after 30 seconds waiting for visibility of element located by By.cssSelector: .wpsc_checkout_table select[title=billingcountry]
Build info: version: '2.53.0', revision: '35ae25b', time: '2016-03-15 16:57:40'
System info: host: 'Wens-MBP', ip: '192.168.1.73', os.name: 'Mac OS X', os.arch: 'x86_64', os.version: '10.11.3', java.version: '1.8.0_92'
Driver info: org.openqa.selenium.firefox.FirefoxDriver
Capabilities [{applicationCacheEnabled=true, rotatable=false, handlesAlerts=true, databaseEnabled=true, version=46.0.1, platform=MAC, nativeEvents=false, acceptSslCerts=true, webStorageEnabled=true, locationContextEnabled=true, browserName=firefox, takesScreenshot=true, javascriptEnabled=true, cssSelectorsEnabled=true}]
Session ID: 9331ca30-7378-1c4c-aa5c-acfcf3b09023 expected [false] but found [true]
	at qademo.testng.HomeAwayInterviewTest.testOrderSubmit(Unknown Source)
... Removed 26 stack frames]]>
    </failure>
  </testcase> <!-- testOrderSubmit -->
  <testcase name="testUpdateOrderQuantity" time="0.007" classname="qademo.testng.HomeAwayInterviewTest">
    <failure type="java.lang.AssertionError" message="TestCase Failed with exceptions :Window not found. The browser window may have been closed.
Command duration or timeout: 6 milliseconds
Build info: version: &amp;apos;2.53.0&amp;apos;, revision: &amp;apos;35ae25b&amp;apos;, time: &amp;apos;2016-03-15 16:57:40&amp;apos;
System info: host: &amp;apos;Wens-MBP&amp;apos;, ip: &amp;apos;192.168.1.73&amp;apos;, os.name: &amp;apos;Mac OS X&amp;apos;, os.arch: &amp;apos;x86_64&amp;apos;, os.version: &amp;apos;10.11.3&amp;apos;, java.version: &amp;apos;1.8.0_92&amp;apos;
Driver info: org.openqa.selenium.firefox.FirefoxDriver
Capabilities [{applicationCacheEnabled=true, rotatable=false, handlesAlerts=true, databaseEnabled=true, version=46.0.1, platform=MAC, nativeEvents=false, acceptSslCerts=true, webStorageEnabled=true, locationContextEnabled=true, browserName=firefox, takesScreenshot=true, javascriptEnabled=true, cssSelectorsEnabled=true}]
Session ID: 9331ca30-7378-1c4c-aa5c-acfcf3b09023 expected [false] but found [true]">
      <![CDATA[java.lang.AssertionError: TestCase Failed with exceptions :Window not found. The browser window may have been closed.
Command duration or timeout: 6 milliseconds
Build info: version: '2.53.0', revision: '35ae25b', time: '2016-03-15 16:57:40'
System info: host: 'Wens-MBP', ip: '192.168.1.73', os.name: 'Mac OS X', os.arch: 'x86_64', os.version: '10.11.3', java.version: '1.8.0_92'
Driver info: org.openqa.selenium.firefox.FirefoxDriver
Capabilities [{applicationCacheEnabled=true, rotatable=false, handlesAlerts=true, databaseEnabled=true, version=46.0.1, platform=MAC, nativeEvents=false, acceptSslCerts=true, webStorageEnabled=true, locationContextEnabled=true, browserName=firefox, takesScreenshot=true, javascriptEnabled=true, cssSelectorsEnabled=true}]
Session ID: 9331ca30-7378-1c4c-aa5c-acfcf3b09023 expected [false] but found [true]
	at qademo.testng.HomeAwayInterviewTest.testUpdateOrderQuantity(Unknown Source)
... Removed 26 stack frames]]>
    </failure>
  </testcase> <!-- testUpdateOrderQuantity -->
  <testcase name="testRemoveAllItemsFromCart" time="0.011" classname="qademo.testng.HomeAwayInterviewTest">
    <failure type="org.openqa.selenium.NoSuchWindowException" message="Window not found. The browser window may have been closed.
Command duration or timeout: 11 milliseconds
Build info: version: &amp;apos;2.53.0&amp;apos;, revision: &amp;apos;35ae25b&amp;apos;, time: &amp;apos;2016-03-15 16:57:40&amp;apos;
System info: host: &amp;apos;Wens-MBP&amp;apos;, ip: &amp;apos;192.168.1.73&amp;apos;, os.name: &amp;apos;Mac OS X&amp;apos;, os.arch: &amp;apos;x86_64&amp;apos;, os.version: &amp;apos;10.11.3&amp;apos;, java.version: &amp;apos;1.8.0_92&amp;apos;
Driver info: org.openqa.selenium.firefox.FirefoxDriver
Capabilities [{applicationCacheEnabled=true, rotatable=false, handlesAlerts=true, databaseEnabled=true, version=46.0.1, platform=MAC, nativeEvents=false, acceptSslCerts=true, webStorageEnabled=true, locationContextEnabled=true, browserName=firefox, takesScreenshot=true, javascriptEnabled=true, cssSelectorsEnabled=true}]
Session ID: 9331ca30-7378-1c4c-aa5c-acfcf3b09023">
      <![CDATA[org.openqa.selenium.NoSuchWindowException: Window not found. The browser window may have been closed.
Command duration or timeout: 11 milliseconds
Build info: version: '2.53.0', revision: '35ae25b', time: '2016-03-15 16:57:40'
System info: host: 'Wens-MBP', ip: '192.168.1.73', os.name: 'Mac OS X', os.arch: 'x86_64', os.version: '10.11.3', java.version: '1.8.0_92'
Driver info: org.openqa.selenium.firefox.FirefoxDriver
Capabilities [{applicationCacheEnabled=true, rotatable=false, handlesAlerts=true, databaseEnabled=true, version=46.0.1, platform=MAC, nativeEvents=false, acceptSslCerts=true, webStorageEnabled=true, locationContextEnabled=true, browserName=firefox, takesScreenshot=true, javascriptEnabled=true, cssSelectorsEnabled=true}]
Session ID: 9331ca30-7378-1c4c-aa5c-acfcf3b09023
	at org.openqa.selenium.remote.ErrorHandler.createThrowable(ErrorHandler.java:206)
	at org.openqa.selenium.remote.ErrorHandler.throwIfResponseFailed(ErrorHandler.java:158)
	at org.openqa.selenium.remote.RemoteWebDriver.execute(RemoteWebDriver.java:678)
	at org.openqa.selenium.remote.RemoteWebDriver.get(RemoteWebDriver.java:316)
	at qademo.webdriver.pageobjects.CommonSectionPage.<init>(Unknown Source)
	at qademo.testng.HomeAwayInterviewTest.testRemoveAllItemsFromCart(Unknown Source)
Caused by: org.openqa.selenium.NoSuchWindowException: Window not found. The browser window may have been closed.
Build info: version: '2.53.0', revision: '35ae25b', time: '2016-03-15 16:57:40'
System info: host: 'Wens-MBP', ip: '192.168.1.73', os.name: 'Mac OS X', os.arch: 'x86_64', os.version: '10.11.3', java.version: '1.8.0_92'
Driver info: driver.version: unknown
	at <anonymous class>.nsCommandProcessor.prototype.execute(file:///var/folders/f6/35z1t35j2l98412k5sy5ptp80000gn/T/anonymous2401194949204430932webdriver-profile/extensions/fxdriver@googlecode.com/components/command-processor.js:12719)
	at <anonymous class>.Dispatcher.executeAs/<(file:///var/folders/f6/35z1t35j2l98412k5sy5ptp80000gn/T/anonymous2401194949204430932webdriver-profile/extensions/fxdriver@googlecode.com/components/driver-component.js:9558)
	at <anonymous class>.Resource.prototype.handle(file:///var/folders/f6/35z1t35j2l98412k5sy5ptp80000gn/T/anonymous2401194949204430932webdriver-profile/extensions/fxdriver@googlecode.com/components/driver-component.js:9705)
	at <anonymous class>.Dispatcher.prototype.dispatch(file:///var/folders/f6/35z1t35j2l98412k5sy5ptp80000gn/T/anonymous2401194949204430932webdriver-profile/extensions/fxdriver@googlecode.com/components/driver-component.js:9652)
	at <anonymous class>.WebDriverServer/<.handle(file:///var/folders/f6/35z1t35j2l98412k5sy5ptp80000gn/T/anonymous2401194949204430932webdriver-profile/extensions/fxdriver@googlecode.com/components/driver-component.js:12517)
	at <anonymous class>.createHandlerFunc/<(file:///var/folders/f6/35z1t35j2l98412k5sy5ptp80000gn/T/anonymous2401194949204430932webdriver-profile/extensions/fxdriver@googlecode.com/components/httpd.js:2054)
	at <anonymous class>.ServerHandler.prototype.handleResponse(file:///var/folders/f6/35z1t35j2l98412k5sy5ptp80000gn/T/anonymous2401194949204430932webdriver-profile/extensions/fxdriver@googlecode.com/components/httpd.js:2387)
	at <anonymous class>.Connection.prototype.process(file:///var/folders/f6/35z1t35j2l98412k5sy5ptp80000gn/T/anonymous2401194949204430932webdriver-profile/extensions/fxdriver@googlecode.com/components/httpd.js:1223)
	at <anonymous class>.RequestReader.prototype._handleResponse(file:///var/folders/f6/35z1t35j2l98412k5sy5ptp80000gn/T/anonymous2401194949204430932webdriver-profile/extensions/fxdriver@googlecode.com/components/httpd.js:1677)
	at <anonymous class>.RequestReader.prototype._processBody(file:///var/folders/f6/35z1t35j2l98412k5sy5ptp80000gn/T/anonymous2401194949204430932webdriver-profile/extensions/fxdriver@googlecode.com/components/httpd.js:1525)
	at <anonymous class>.RequestReader.prototype.onInputStreamReady(file:///var/folders/f6/35z1t35j2l98412k5sy5ptp80000gn/T/anonymous2401194949204430932webdriver-profile/extensions/fxdriver@googlecode.com/components/httpd.js:1393)
... Removed 27 stack frames]]>
    </failure>
  </testcase> <!-- testRemoveAllItemsFromCart -->
</testsuite> <!-- HomeAwayInterViewTests -->
